I0304 04:00:31.597189 23 libtorch.cc:1206] TRITONBACKEND_Initialize: pytorch
I0304 04:00:31.597250 23 libtorch.cc:1216] Triton TRITONBACKEND API version: 1.7
I0304 04:00:31.597254 23 libtorch.cc:1222] 'pytorch' TRITONBACKEND API version: 1.7
2023-03-04 04:00:31.870717: I tensorflow/stream_executor/platform/default/dso_loader.cc:49] Successfully opened dynamic library libcudart.so.11.0
I0304 04:00:31.906303 23 tensorflow.cc:2170] TRITONBACKEND_Initialize: tensorflow
I0304 04:00:31.906347 23 tensorflow.cc:2180] Triton TRITONBACKEND API version: 1.7
I0304 04:00:31.906359 23 tensorflow.cc:2186] 'tensorflow' TRITONBACKEND API version: 1.7
I0304 04:00:31.906371 23 tensorflow.cc:2210] backend configuration:
{}
I0304 04:00:31.909898 23 onnxruntime.cc:2210] TRITONBACKEND_Initialize: onnxruntime
I0304 04:00:31.909909 23 onnxruntime.cc:2220] Triton TRITONBACKEND API version: 1.7
I0304 04:00:31.909913 23 onnxruntime.cc:2226] 'onnxruntime' TRITONBACKEND API version: 1.7
I0304 04:00:31.909916 23 onnxruntime.cc:2256] backend configuration:
{}
I0304 04:00:31.927489 23 openvino.cc:1193] TRITONBACKEND_Initialize: openvino
I0304 04:00:31.927501 23 openvino.cc:1203] Triton TRITONBACKEND API version: 1.7
I0304 04:00:31.927504 23 openvino.cc:1209] 'openvino' TRITONBACKEND API version: 1.7
I0304 04:00:32.140372 23 pinned_memory_manager.cc:240] Pinned memory pool is created at '0x7feee0000000' with size 268435456
I0304 04:00:32.142212 23 cuda_memory_manager.cc:105] CUDA memory pool is created on device 0 with size 67108864
I0304 04:00:32.144144 23 server.cc:519] 
+------------------+------+
| Repository Agent | Path |
+------------------+------+
+------------------+------+

I0304 04:00:32.144180 23 server.cc:546] 
+-------------+-----------------------------------------------------------------+--------+
| Backend     | Path                                                            | Config |
+-------------+-----------------------------------------------------------------+--------+
| pytorch     | /opt/tritonserver/backends/pytorch/libtriton_pytorch.so         | {}     |
| tensorflow  | /opt/tritonserver/backends/tensorflow1/libtriton_tensorflow1.so | {}     |
| onnxruntime | /opt/tritonserver/backends/onnxruntime/libtriton_onnxruntime.so | {}     |
| openvino    | /opt/tritonserver/backends/openvino/libtriton_openvino.so       | {}     |
+-------------+-----------------------------------------------------------------+--------+

I0304 04:00:32.144190 23 server.cc:589] 
+-------+---------+--------+
| Model | Version | Status |
+-------+---------+--------+
+-------+---------+--------+

I0304 04:00:32.144288 23 tritonserver.cc:1865] 
+----------------------------------+----------------------------------------------------------------------------------------------------------------------------------------------------------------------------------------+
| Option                           | Value                                                                                                                                                                                  |
+----------------------------------+----------------------------------------------------------------------------------------------------------------------------------------------------------------------------------------+
| server_id                        | triton                                                                                                                                                                                 |
| server_version                   | 2.17.0                                                                                                                                                                                 |
| server_extensions                | classification sequence model_repository model_repository(unload_dependents) schedule_policy model_configuration system_shared_memory cuda_shared_memory binary_tensor_data statistics |
| model_repository_path[0]         | /mnt/triton-models                                                                                                                                                                     |
| model_control_mode               | MODE_EXPLICIT                                                                                                                                                                          |
| strict_model_config              | 0                                                                                                                                                                                      |
| rate_limit                       | OFF                                                                                                                                                                                    |
| pinned_memory_pool_byte_size     | 268435456                                                                                                                                                                              |
| cuda_memory_pool_byte_size{0}    | 67108864                                                                                                                                                                               |
| response_cache_byte_size         | 0                                                                                                                                                                                      |
| min_supported_compute_capability | 6.0                                                                                                                                                                                    |
| strict_readiness                 | 1                                                                                                                                                                                      |
| exit_timeout                     | 30                                                                                                                                                                                     |
+----------------------------------+----------------------------------------------------------------------------------------------------------------------------------------------------------------------------------------+

I0304 04:00:32.146170 23 grpc_server.cc:4190] Started GRPCInferenceService at 0.0.0.0:8001
I0304 04:00:32.146408 23 http_server.cc:2857] Started HTTPService at 0.0.0.0:8000
I0304 04:14:29.203535 23 model_repository_manager.cc:994] loading: TFT:1
I0304 04:14:29.304796 23 tensorrt.cc:5104] TRITONBACKEND_Initialize: tensorrt
I0304 04:14:29.304808 23 tensorrt.cc:5114] Triton TRITONBACKEND API version: 1.7
I0304 04:14:29.304814 23 tensorrt.cc:5120] 'tensorrt' TRITONBACKEND API version: 1.7
I0304 04:14:29.304885 23 tensorrt.cc:5163] backend configuration:
{}
I0304 04:14:29.304901 23 tensorrt.cc:5215] TRITONBACKEND_ModelInitialize: TFT (version 1)
I0304 04:14:29.699775 23 logging.cc:49] [MemUsageChange] Init CUDA: CPU +709, GPU +0, now: CPU 780, GPU 756 (MiB)
I0304 04:14:29.728869 23 logging.cc:49] Loaded engine size: 28 MiB
I0304 04:14:30.475117 23 logging.cc:49] [MemUsageChange] Init cuBLAS/cuBLASLt: CPU +1240, GPU +350, now: CPU 2098, GPU 1114 (MiB)
I0304 04:14:30.604881 23 logging.cc:49] [MemUsageChange] Init cuDNN: CPU +252, GPU +60, now: CPU 2350, GPU 1174 (MiB)
I0304 04:14:30.605665 23 logging.cc:49] [MemUsageChange] TensorRT-managed allocation in engine deserialization: CPU +0, GPU +6, now: CPU 0, GPU 6 (MiB)
I0304 04:14:30.609838 23 tensorrt.cc:5264] TRITONBACKEND_ModelInstanceInitialize: TFT_0_0 (GPU device 0)
I0304 04:14:30.651455 23 logging.cc:49] [MemUsageChange] Init CUDA: CPU +0, GPU +0, now: CPU 2273, GPU 1148 (MiB)
I0304 04:14:30.671746 23 logging.cc:49] Loaded engine size: 28 MiB
I0304 04:14:30.689056 23 logging.cc:49] [MemUsageChange] Init cuBLAS/cuBLASLt: CPU +0, GPU +10, now: CPU 2352, GPU 1166 (MiB)
I0304 04:14:30.691047 23 logging.cc:49] [MemUsageChange] Init cuDNN: CPU +0, GPU +8, now: CPU 2352, GPU 1174 (MiB)
I0304 04:14:30.691711 23 logging.cc:49] [MemUsageChange] TensorRT-managed allocation in engine deserialization: CPU +0, GPU +6, now: CPU 0, GPU 6 (MiB)
I0304 04:14:30.695432 23 logging.cc:49] [MemUsageChange] Init cuBLAS/cuBLASLt: CPU +1, GPU +10, now: CPU 2296, GPU 1166 (MiB)
I0304 04:14:30.697215 23 logging.cc:49] [MemUsageChange] Init cuDNN: CPU +0, GPU +8, now: CPU 2296, GPU 1174 (MiB)
I0304 04:14:33.222761 23 logging.cc:49] [MemUsageChange] TensorRT-managed allocation in IExecutionContext creation: CPU +0, GPU +1192, now: CPU 0, GPU 1198 (MiB)
I0304 04:14:33.324896 23 tensorrt.cc:1404] Created instance TFT_0_0 on GPU 0 with stream priority 0 and optimization profile default[0];
I0304 04:14:33.325370 23 tensorrt.cc:5264] TRITONBACKEND_ModelInstanceInitialize: TFT_0_1 (GPU device 0)
I0304 04:14:33.338270 23 logging.cc:49] Loaded engine size: 28 MiB
I0304 04:14:33.357887 23 logging.cc:49] [MemUsageChange] Init cuBLAS/cuBLASLt: CPU +1, GPU +8, now: CPU 2555, GPU 3030 (MiB)
I0304 04:14:33.359277 23 logging.cc:49] [MemUsageChange] Init cuDNN: CPU +0, GPU +10, now: CPU 2555, GPU 3040 (MiB)
I0304 04:14:33.359613 23 logging.cc:49] [MemUsageChange] TensorRT-managed allocation in engine deserialization: CPU +0, GPU +6, now: CPU 0, GPU 1204 (MiB)
I0304 04:14:33.363373 23 logging.cc:49] [MemUsageChange] Init cuBLAS/cuBLASLt: CPU +0, GPU +8, now: CPU 2498, GPU 3032 (MiB)
I0304 04:14:33.364526 23 logging.cc:49] [MemUsageChange] Init cuDNN: CPU +0, GPU +8, now: CPU 2498, GPU 3040 (MiB)
I0304 04:14:35.825357 23 logging.cc:49] [MemUsageChange] TensorRT-managed allocation in IExecutionContext creation: CPU +0, GPU +1192, now: CPU 0, GPU 2396 (MiB)
I0304 04:14:35.932264 23 tensorrt.cc:1404] Created instance TFT_0_1 on GPU 0 with stream priority 0 and optimization profile default[0];
I0304 04:14:35.932776 23 model_repository_manager.cc:1149] successfully loaded 'TFT' version 1
